[0.040s] Invoking command in '/home/orangepi/GM/RESOURCES/ros2_ws/build/contact': CMAKE_PREFIX_PATH=/home/orangepi/GM/RESOURCES/ros2_ws/install/hero_msgs:/home/orangepi/GM/RESOURCES/ros2_ws/install/vision_msgs:/opt/ros/humble LD_LIBRARY_PATH=/home/orangepi/GM/RESOURCES/ros2_ws/install/hero_msgs/lib:/home/orangepi/GM/RESOURCES/ros2_ws/install/vision_msgs/lib:/root/.x-cmd.root/local/data/pkg/sphere/X/l/j/h/lib:/opt/ros/humble/opt/rviz_ogre_vendor/lib:/opt/ros/humble/lib/aarch64-linux-gnu:/opt/ros/humble/lib /usr/bin/cmake --build /home/orangepi/GM/RESOURCES/ros2_ws/build/contact -- -j8 -l8
[0.171s] [35m[1mConsolidate compiler generated dependencies of target serial[0m
[0.204s] [ 50%] Built target serial
[0.252s] [35m[1mConsolidate compiler generated dependencies of target contact[0m
[0.315s] [ 62%] [32mBuilding CXX object CMakeFiles/contact.dir/src/ContactNode.cpp.o[0m
[4.918s] In file included from [01m[K/home/orangepi/GM/RESOURCES/ros2_ws/src/contact/src/ContactNode.cpp:3[m[K:
[4.918s] [01m[K/home/orangepi/GM/RESOURCES/ros2_ws/src/contact/include/CommPort.h:37:3:[m[K [01;35m[Kwarning: [m[Kâ€˜[01m[Ktypedef[m[Kâ€™ was ignored in this declaration
[4.918s]    37 |   [01;35m[Ktypedef[m[K struct ProjectileRx {
[4.919s]       |   [01;35m[K^~~~~~~[m[K
[4.919s] [01m[K/home/orangepi/GM/RESOURCES/ros2_ws/src/contact/include/CommPort.h:54:3:[m[K [01;35m[Kwarning: [m[Kâ€˜[01m[Ktypedef[m[Kâ€™ was ignored in this declaration
[4.919s]    54 |   [01;35m[Ktypedef[m[K struct MotionRx {
[4.920s]       |   [01;35m[K^~~~~~~[m[K
[4.959s] [01m[K/home/orangepi/GM/RESOURCES/ros2_ws/src/contact/src/ContactNode.cpp:128:37:[m[K [01;31m[Kerror: [m[Kâ€˜[01m[KMotion[m[Kâ€™ is not a member of â€˜[01m[Khero_msgs::msg[m[Kâ€™
[4.960s]   128 |   rclcpp::Publisher<hero_msgs::msg::[01;31m[KMotion[m[K>::SharedPtr _motion_pub_;
[4.960s]       |                                     [01;31m[K^~~~~~[m[K
[4.960s] [01m[K/home/orangepi/GM/RESOURCES/ros2_ws/src/contact/src/ContactNode.cpp:128:43:[m[K [01;31m[Kerror: [m[Ktemplate argument 1 is invalid
[4.961s]   128 |   rclcpp::Publisher<hero_msgs::msg::Motion[01;31m[K>[m[K::SharedPtr _motion_pub_;
[4.961s]       |                                           [01;31m[K^[m[K
[4.961s] [01m[K/home/orangepi/GM/RESOURCES/ros2_ws/src/contact/src/ContactNode.cpp:128:46:[m[K [01;31m[Kerror: [m[Kexpected â€˜[01m[K;[m[Kâ€™ at end of member declaration
[4.961s]   128 |   rclcpp::Publisher<hero_msgs::msg::Motion>::[01;31m[KSharedPtr[m[K _motion_pub_;
[4.962s]       |                                              [01;31m[K^~~~~~~~~[m[K
[4.962s]       |                                                       [32m[K;[m[K
[4.965s] [01m[K/home/orangepi/GM/RESOURCES/ros2_ws/src/contact/src/ContactNode.cpp:128:56:[m[K [01;31m[Kerror: [m[Kâ€˜[01m[K_motion_pub_[m[Kâ€™ does not name a type
[4.966s]   128 |   rclcpp::Publisher<hero_msgs::msg::Motion>::SharedPtr [01;31m[K_motion_pub_[m[K;
[4.966s]       |                                                        [01;31m[K^~~~~~~~~~~~[m[K
[5.042s] [01m[K/home/orangepi/GM/RESOURCES/ros2_ws/src/contact/src/ContactNode.cpp:132:40:[m[K [01;31m[Kerror: [m[Kâ€˜[01m[KMotion[m[Kâ€™ is not a member of â€˜[01m[Khero_msgs::msg[m[Kâ€™
[5.042s]   132 |   rclcpp::Subscription<hero_msgs::msg::[01;31m[KMotion[m[K>::SharedPtr _motion_sub_;
[5.043s]       |                                        [01;31m[K^~~~~~[m[K
[5.043s] [01m[K/home/orangepi/GM/RESOURCES/ros2_ws/src/contact/src/ContactNode.cpp:132:46:[m[K [01;31m[Kerror: [m[Ktemplate argument 1 is invalid
[5.043s]   132 |   rclcpp::Subscription<hero_msgs::msg::Motion[01;31m[K>[m[K::SharedPtr _motion_sub_;
[5.044s]       |                                              [01;31m[K^[m[K
[5.044s] [01m[K/home/orangepi/GM/RESOURCES/ros2_ws/src/contact/src/ContactNode.cpp:132:46:[m[K [01;31m[Kerror: [m[Ktemplate argument 3 is invalid
[5.044s] [01m[K/home/orangepi/GM/RESOURCES/ros2_ws/src/contact/src/ContactNode.cpp:132:46:[m[K [01;31m[Kerror: [m[Ktemplate argument 4 is invalid
[5.045s] [01m[K/home/orangepi/GM/RESOURCES/ros2_ws/src/contact/src/ContactNode.cpp:132:46:[m[K [01;31m[Kerror: [m[Ktemplate argument 5 is invalid
[5.045s] [01m[K/home/orangepi/GM/RESOURCES/ros2_ws/src/contact/src/ContactNode.cpp:132:49:[m[K [01;31m[Kerror: [m[Kexpected â€˜[01m[K;[m[Kâ€™ at end of member declaration
[5.045s]   132 |   rclcpp::Subscription<hero_msgs::msg::Motion>::[01;31m[KSharedPtr[m[K _motion_sub_;
[5.046s]       |                                                 [01;31m[K^~~~~~~~~[m[K
[5.046s]       |                                                          [32m[K;[m[K
[5.046s] [01m[K/home/orangepi/GM/RESOURCES/ros2_ws/src/contact/src/ContactNode.cpp:132:49:[m[K [01;31m[Kerror: [m[Kredeclaration of â€˜[01m[Kint ContactNode::SharedPtr[m[Kâ€™
[5.047s] [01m[K/home/orangepi/GM/RESOURCES/ros2_ws/src/contact/src/ContactNode.cpp:128:46:[m[K [01;36m[Knote: [m[Kprevious declaration â€˜[01m[Kint ContactNode::SharedPtr[m[Kâ€™
[5.047s]   128 |   rclcpp::Publisher<hero_msgs::msg::Motion>::[01;36m[KSharedPtr[m[K _motion_pub_;
[5.048s]       |                                              [01;36m[K^~~~~~~~~[m[K
[5.048s] [01m[K/home/orangepi/GM/RESOURCES/ros2_ws/src/contact/src/ContactNode.cpp:132:59:[m[K [01;31m[Kerror: [m[Kâ€˜[01m[K_motion_sub_[m[Kâ€™ does not name a type
[5.048s]   132 |   rclcpp::Subscription<hero_msgs::msg::Motion>::SharedPtr [01;31m[K_motion_sub_[m[K;
[5.049s]       |                                                           [01;31m[K^~~~~~~~~~~~[m[K
[5.076s] [01m[K/home/orangepi/GM/RESOURCES/ros2_ws/src/contact/src/ContactNode.cpp:[m[K In constructor â€˜[01m[KContactNode::ContactNode()[m[Kâ€™:
[5.077s] [01m[K/home/orangepi/GM/RESOURCES/ros2_ws/src/contact/src/ContactNode.cpp:23:5:[m[K [01;31m[Kerror: [m[Kâ€˜[01m[K_motion_pub_[m[Kâ€™ was not declared in this scope; did you mean â€˜[01m[K_mode_pub_[m[Kâ€™?
[5.077s]    23 |     [01;31m[K_motion_pub_[m[K =
[5.078s]       |     [01;31m[K^~~~~~~~~~~~[m[K
[5.078s]       |     [32m[K_mode_pub_[m[K
[5.079s] [01m[K/home/orangepi/GM/RESOURCES/ros2_ws/src/contact/src/ContactNode.cpp:24:48:[m[K [01;31m[Kerror: [m[Kâ€˜[01m[KMotion[m[Kâ€™ is not a member of â€˜[01m[Khero_msgs::msg[m[Kâ€™
[5.079s]    24 |         this->create_publisher<hero_msgs::msg::[01;31m[KMotion[m[K>("/Motion", 1000);
[5.079s]       |                                                [01;31m[K^~~~~~[m[K
[5.080s] [01m[K/home/orangepi/GM/RESOURCES/ros2_ws/src/contact/src/ContactNode.cpp:24:55:[m[K [01;31m[Kerror: [m[Kno matching function for call to â€˜[01m[KContactNode::create_publisher<<expression error> >(const char [8], int)[m[Kâ€™
[5.080s]    24 |         [01;31m[Kthis->create_publisher<hero_msgs::msg::Motion>("/Motion", 1000)[m[K;
[5.080s]       |         [01;31m[K~~~~~~~~~~~~~~~~~~~~~~~~~~~~~~~~~~~~~~~~~~~~~~^~~~~~~~~~~~~~~~~[m[K
[5.081s] In file included from [01m[K/opt/ros/humble/include/rclcpp/rclcpp/node.hpp:1321[m[K,
[5.081s]                  from [01m[K/opt/ros/humble/include/rclcpp/rclcpp/executors/single_threaded_executor.hpp:28[m[K,
[5.081s]                  from [01m[K/opt/ros/humble/include/rclcpp/rclcpp/executors.hpp:22[m[K,
[5.082s]                  from [01m[K/opt/ros/humble/include/rclcpp/rclcpp/rclcpp.hpp:155[m[K,
[5.082s]                  from [01m[K/home/orangepi/GM/RESOURCES/ros2_ws/src/contact/include/CommPort.h:7[m[K,
[5.082s]                  from [01m[K/home/orangepi/GM/RESOURCES/ros2_ws/src/contact/src/ContactNode.cpp:3[m[K:
[5.083s] [01m[K/opt/ros/humble/include/rclcpp/rclcpp/node_impl.hpp:73:1:[m[K [01;36m[Knote: [m[Kcandidate: â€˜[01m[Ktemplate<class MessageT, class AllocatorT, class PublisherT> std::shared_ptr<PublisherT> rclcpp::Node::create_publisher(const string&, const rclcpp::QoS&, const rclcpp::PublisherOptionsWithAllocator<AllocatorT>&)[m[Kâ€™
[5.083s]    73 | [01;36m[KNode[m[K::create_publisher(
[5.083s]       | [01;36m[K^~~~[m[K
[5.084s] [01m[K/opt/ros/humble/include/rclcpp/rclcpp/node_impl.hpp:73:1:[m[K [01;36m[Knote: [m[K  template argument deduction/substitution failed:
[5.084s] [01m[K/home/orangepi/GM/RESOURCES/ros2_ws/src/contact/src/ContactNode.cpp:24:55:[m[K [01;31m[Kerror: [m[Ktemplate argument 1 is invalid
[5.084s]    24 |         [01;31m[Kthis->create_publisher<hero_msgs::msg::Motion>("/Motion", 1000)[m[K;
[5.085s]       |         [01;31m[K~~~~~~~~~~~~~~~~~~~~~~~~~~~~~~~~~~~~~~~~~~~~~~^~~~~~~~~~~~~~~~~[m[K
[5.123s] [01m[K/home/orangepi/GM/RESOURCES/ros2_ws/src/contact/src/ContactNode.cpp:30:5:[m[K [01;31m[Kerror: [m[Kâ€˜[01m[K_motion_sub_[m[Kâ€™ was not declared in this scope
[5.123s]    30 |     [01;31m[K_motion_sub_[m[K = this->create_subscription<hero_msgs::msg::Motion>(
[5.124s]       |     [01;31m[K^~~~~~~~~~~~[m[K
[5.125s] [01m[K/home/orangepi/GM/RESOURCES/ros2_ws/src/contact/src/ContactNode.cpp:30:62:[m[K [01;31m[Kerror: [m[Kâ€˜[01m[KMotion[m[Kâ€™ is not a member of â€˜[01m[Khero_msgs::msg[m[Kâ€™
[5.125s]    30 |     _motion_sub_ = this->create_subscription<hero_msgs::msg::[01;31m[KMotion[m[K>(
[5.125s]       |                                                              [01;31m[K^~~~~~[m[K
[5.132s] [01m[K/home/orangepi/GM/RESOURCES/ros2_ws/src/contact/src/ContactNode.cpp:30:69:[m[K [01;31m[Kerror: [m[Kno matching function for call to â€˜[01m[KContactNode::create_subscription<<expression error> >(const char [8], int, std::_Bind_helper<false, void (ContactNode::*)(), ContactNode*>::type)[m[Kâ€™
[5.133s]    30 |     _motion_sub_ = [01;31m[Kthis->create_subscription<hero_msgs::msg::Motion>([m[K
[5.133s]       |                    [01;31m[K~~~~~~~~~~~~~~~~~~~~~~~~~~~~~~~~~~~~~~~~~~~~~~~~~^[m[K
[5.133s]    31 | [01;31m[K        "/Motion", 1000, std::bind(&ContactNode::publishMotion, this))[m[K;
[5.134s]       |         [01;31m[K~~~~~~~~~~~~~~~~~~~~~~~~~~~~~~~~~~~~~~~~~~~~~~~~~~~~~~~~~~~~~~[m[K
[5.134s] In file included from [01m[K/opt/ros/humble/include/rclcpp/rclcpp/node.hpp:1321[m[K,
[5.134s]                  from [01m[K/opt/ros/humble/include/rclcpp/rclcpp/executors/single_threaded_executor.hpp:28[m[K,
[5.135s]                  from [01m[K/opt/ros/humble/include/rclcpp/rclcpp/executors.hpp:22[m[K,
[5.135s]                  from [01m[K/opt/ros/humble/include/rclcpp/rclcpp/rclcpp.hpp:155[m[K,
[5.135s]                  from [01m[K/home/orangepi/GM/RESOURCES/ros2_ws/src/contact/include/CommPort.h:7[m[K,
[5.135s]                  from [01m[K/home/orangepi/GM/RESOURCES/ros2_ws/src/contact/src/ContactNode.cpp:3[m[K:
[5.136s] [01m[K/opt/ros/humble/include/rclcpp/rclcpp/node_impl.hpp:92:1:[m[K [01;36m[Knote: [m[Kcandidate: â€˜[01m[Ktemplate<class MessageT, class CallbackT, class AllocatorT, class SubscriptionT, class MessageMemoryStrategyT> std::shared_ptr<ROSMessageT> rclcpp::Node::create_subscription(const string&, const rclcpp::QoS&, CallbackT&&, const rclcpp::SubscriptionOptionsWithAllocator<AllocatorT>&, typename MessageMemoryStrategyT::SharedPtr)[m[Kâ€™
[5.136s]    92 | [01;36m[KNode[m[K::create_subscription(
[5.136s]       | [01;36m[K^~~~[m[K
[5.137s] [01m[K/opt/ros/humble/include/rclcpp/rclcpp/node_impl.hpp:92:1:[m[K [01;36m[Knote: [m[K  template argument deduction/substitution failed:
[5.137s] [01m[K/home/orangepi/GM/RESOURCES/ros2_ws/src/contact/src/ContactNode.cpp:30:69:[m[K [01;31m[Kerror: [m[Ktemplate argument 1 is invalid
[5.137s]    30 |     _motion_sub_ = [01;31m[Kthis->create_subscription<hero_msgs::msg::Motion>([m[K
[5.138s]       |                    [01;31m[K~~~~~~~~~~~~~~~~~~~~~~~~~~~~~~~~~~~~~~~~~~~~~~~~~^[m[K
[5.138s]    31 | [01;31m[K        "/Motion", 1000, std::bind(&ContactNode::publishMotion, this))[m[K;
[5.138s]       |         [01;31m[K~~~~~~~~~~~~~~~~~~~~~~~~~~~~~~~~~~~~~~~~~~~~~~~~~~~~~~~~~~~~~~[m[K
[5.155s] [01m[K/home/orangepi/GM/RESOURCES/ros2_ws/src/contact/src/ContactNode.cpp:[m[K In member function â€˜[01m[Kvoid ContactNode::publishMotion()[m[Kâ€™:
[5.156s] [01m[K/home/orangepi/GM/RESOURCES/ros2_ws/src/contact/src/ContactNode.cpp:105:21:[m[K [01;31m[Kerror: [m[Kâ€˜[01m[KMotion[m[Kâ€™ is not a member of â€˜[01m[Khero_msgs::msg[m[Kâ€™
[5.156s]   105 |     hero_msgs::msg::[01;31m[KMotion[m[K motion_msg;
[5.157s]       |                     [01;31m[K^~~~~~[m[K
[5.172s] [01m[K/home/orangepi/GM/RESOURCES/ros2_ws/src/contact/src/ContactNode.cpp:108:5:[m[K [01;31m[Kerror: [m[Kâ€˜[01m[Kmotion_msg[m[Kâ€™ was not declared in this scope
[5.174s]   108 |     [01;31m[Kmotion_msg[m[K.linear_x = linear_x;
[5.174s]       |     [01;31m[K^~~~~~~~~~[m[K
[5.194s] [01m[K/home/orangepi/GM/RESOURCES/ros2_ws/src/contact/src/ContactNode.cpp:118:5:[m[K [01;31m[Kerror: [m[Kâ€˜[01m[K_motion_pub_[m[Kâ€™ was not declared in this scope; did you mean â€˜[01m[K_mode_pub_[m[Kâ€™?
[5.194s]   118 |     [01;31m[K_motion_pub_[m[K->publish(motion_msg);
[5.194s]       |     [01;31m[K^~~~~~~~~~~~[m[K
[5.195s]       |     [32m[K_mode_pub_[m[K
[10.819s] gmake[2]: *** [CMakeFiles/contact.dir/build.make:76: CMakeFiles/contact.dir/src/ContactNode.cpp.o] Error 1
[10.820s] gmake[1]: *** [CMakeFiles/Makefile2:154: CMakeFiles/contact.dir/all] Error 2
[10.820s] gmake: *** [Makefile:146: all] Error 2
[10.830s] Invoked command in '/home/orangepi/GM/RESOURCES/ros2_ws/build/contact' returned '2': CMAKE_PREFIX_PATH=/home/orangepi/GM/RESOURCES/ros2_ws/install/hero_msgs:/home/orangepi/GM/RESOURCES/ros2_ws/install/vision_msgs:/opt/ros/humble LD_LIBRARY_PATH=/home/orangepi/GM/RESOURCES/ros2_ws/install/hero_msgs/lib:/home/orangepi/GM/RESOURCES/ros2_ws/install/vision_msgs/lib:/root/.x-cmd.root/local/data/pkg/sphere/X/l/j/h/lib:/opt/ros/humble/opt/rviz_ogre_vendor/lib:/opt/ros/humble/lib/aarch64-linux-gnu:/opt/ros/humble/lib /usr/bin/cmake --build /home/orangepi/GM/RESOURCES/ros2_ws/build/contact -- -j8 -l8
