-- The C compiler identification is GNU 11.4.0
-- The CXX compiler identification is GNU 11.4.0
-- Detecting C compiler ABI info
-- Detecting C compiler ABI info - done
-- Check for working C compiler: /usr/bin/cc - skipped
-- Detecting C compile features
-- Detecting C compile features - done
-- Detecting CXX compiler ABI info
-- Detecting CXX compiler ABI info - done
-- Check for working CXX compiler: /usr/bin/c++ - skipped
-- Detecting CXX compile features
-- Detecting CXX compile features - done
-- Found ament_cmake: 1.3.10 (/opt/ros/humble/share/ament_cmake/cmake)
-- Found Python3: /usr/bin/python3 (found version "3.10.12") found components: Interpreter 
-- Found rclcpp: 16.0.10 (/opt/ros/humble/share/rclcpp/cmake)
-- Found rosidl_generator_c: 3.1.5 (/opt/ros/humble/share/rosidl_generator_c/cmake)
-- Found rosidl_adapter: 3.1.5 (/opt/ros/humble/share/rosidl_adapter/cmake)
-- Found rosidl_generator_cpp: 3.1.5 (/opt/ros/humble/share/rosidl_generator_cpp/cmake)
-- Using all available rosidl_typesupport_c: rosidl_typesupport_fastrtps_c;rosidl_typesupport_introspection_c
-- Using all available rosidl_typesupport_cpp: rosidl_typesupport_fastrtps_cpp;rosidl_typesupport_introspection_cpp
-- Found rmw_implementation_cmake: 6.1.2 (/opt/ros/humble/share/rmw_implementation_cmake/cmake)
-- Found rmw_fastrtps_cpp: 6.2.7 (/opt/ros/humble/share/rmw_fastrtps_cpp/cmake)
-- Found OpenSSL: /usr/lib/aarch64-linux-gnu/libcrypto.so (found version "3.0.2")  
-- Found FastRTPS: /opt/ros/humble/include  
-- Using RMW implementation 'rmw_fastrtps_cpp' as default
-- Looking for pthread.h
-- Looking for pthread.h - found
-- Performing Test CMAKE_HAVE_LIBC_PTHREAD
-- Performing Test CMAKE_HAVE_LIBC_PTHREAD - Success
-- Found Threads: TRUE  
-- Found hero_msgs: 0.0.1 (/home/orangepi/GM/RESOURCES/ros2_ws/install/hero_msgs/share/hero_msgs/cmake)
-- Found sensor_msgs: 4.2.4 (/opt/ros/humble/share/sensor_msgs/cmake)
-- Configuring done
-- Generating done
-- Build files have been written to: /home/orangepi/GM/RESOURCES/ros2_ws/build/contact
[ 12%] [32mBuilding CXX object serial/lib/CMakeFiles/serial.dir/src/serial.cc.o[0m
[ 25%] [32mBuilding CXX object serial/lib/CMakeFiles/serial.dir/src/impl/unix.cc.o[0m
[ 37%] [32mBuilding CXX object serial/lib/CMakeFiles/serial.dir/src/impl/list_ports/list_ports_linux.cc.o[0m
[01m[K/home/orangepi/GM/RESOURCES/ros2_ws/src/contact/serial/lib/src/impl/list_ports/list_ports_linux.cc:[m[K In function â€˜[01m[Kstd::vector<std::__cxx11::basic_string<char> > glob(const std::vector<std::__cxx11::basic_string<char> >&)[m[Kâ€™:
[01m[K/home/orangepi/GM/RESOURCES/ros2_ws/src/contact/serial/lib/src/impl/list_ports/list_ports_linux.cc:66:40:[m[K [01;35m[Kwarning: [m[Kcomparison of integer expressions of different signedness: â€˜[01m[Kint[m[Kâ€™ and â€˜[01m[Ksize_t[m[Kâ€™ {aka â€˜[01m[Klong unsigned int[m[Kâ€™} [[01;35m[K]8;;https://gcc.gnu.org/onlinedocs/gcc/Warning-Options.html#index-Wsign-compare-Wsign-compare]8;;[m[K]
   66 |     for(int path_index = 0; [01;35m[Kpath_index < glob_results.gl_pathc[m[K; path_index++)
      |                             [01;35m[K~~~~~~~~~~~^~~~~~~~~~~~~~~~~~~~~~~[m[K
[01m[K/home/orangepi/GM/RESOURCES/ros2_ws/src/contact/serial/lib/src/impl/list_ports/list_ports_linux.cc:57:9:[m[K [01;35m[Kwarning: [m[Kvariable â€˜[01m[Kglob_retval[m[Kâ€™ set but not used [[01;35m[K]8;;https://gcc.gnu.org/onlinedocs/gcc/Warning-Options.html#index-Wunused-but-set-variable-Wunused-but-set-variable]8;;[m[K]
   57 |     int [01;35m[Kglob_retval[m[K = glob(patterns[0].c_str(), 0, NULL, &glob_results);
      |         [01;35m[K^~~~~~~~~~~[m[K
[01m[K/home/orangepi/GM/RESOURCES/ros2_ws/src/contact/serial/lib/src/impl/list_ports/list_ports_linux.cc:[m[K In function â€˜[01m[Kstd::string format(const char*, ...)[m[Kâ€™:
[01m[K/home/orangepi/GM/RESOURCES/ros2_ws/src/contact/serial/lib/src/impl/list_ports/list_ports_linux.cc:246:31:[m[K [01;35m[Kwarning: [m[Kcomparison of integer expressions of different signedness: â€˜[01m[Kint[m[Kâ€™ and â€˜[01m[Ksize_t[m[Kâ€™ {aka â€˜[01m[Klong unsigned int[m[Kâ€™} [[01;35m[K]8;;https://gcc.gnu.org/onlinedocs/gcc/Warning-Options.html#index-Wsign-compare-Wsign-compare]8;;[m[K]
  246 |         else if( [01;35m[Kreturn_value >= buffer_size_bytes[m[K )
      |                  [01;35m[K~~~~~~~~~~~~~^~~~~~~~~~~~~~~~~~~~[m[K
[ 50%] [32m[1mLinking CXX static library libserial.a[0m
[ 50%] Built target serial
[ 62%] [32mBuilding CXX object CMakeFiles/contact.dir/src/CommPort.cpp.o[0m
[ 87%] [32mBuilding CXX object CMakeFiles/contact.dir/src/Checksum.cpp.o[0m
[ 87%] [32mBuilding CXX object CMakeFiles/contact.dir/src/ContactNode.cpp.o[0m
In file included from [01m[K/home/orangepi/GM/RESOURCES/ros2_ws/src/contact/src/CommPort.cpp:1[m[K:
[01m[K/home/orangepi/GM/RESOURCES/ros2_ws/src/contact/include/CommPort.h:40:5:[m[K [01;35m[Kwarning: [m[Kâ€˜[01m[Ktypedef[m[Kâ€™ was ignored in this declaration
   40 |     [01;35m[Ktypedef[m[K struct ProjectileRx
      |     [01;35m[K^~~~~~~[m[K
[01m[K/home/orangepi/GM/RESOURCES/ros2_ws/src/contact/include/CommPort.h:[m[K In member function â€˜[01m[Kfloat* CommPort::getQuaternion()[m[Kâ€™:
[01m[K/home/orangepi/GM/RESOURCES/ros2_ws/src/contact/include/CommPort.h:105:27:[m[K [01;35m[Kwarning: [m[Ktaking address of packed member of â€˜[01m[KCommPort::ProjectileRx[m[Kâ€™ may result in an unaligned pointer value [[01;35m[K]8;;https://gcc.gnu.org/onlinedocs/gcc/Warning-Options.html#index-Waddress-of-packed-member-Waddress-of-packed-member]8;;[m[K]
  105 |         return [01;35m[Krx_struct_.q[m[K;
      |                [01;35m[K~~~~~~~~~~~^[m[K
[01m[K/home/orangepi/GM/RESOURCES/ros2_ws/src/contact/src/CommPort.cpp:[m[K In constructor â€˜[01m[KCommPort::CommPort()[m[Kâ€™:
[01m[K/home/orangepi/GM/RESOURCES/ros2_ws/src/contact/src/CommPort.cpp:5:20:[m[K [01;35m[Kwarning: [m[KISO C++ forbids converting a string constant to â€˜[01m[Kchar*[m[Kâ€™ [[01;35m[K]8;;https://gcc.gnu.org/onlinedocs/gcc/Warning-Options.html#index-Wwrite-strings-Wwrite-strings]8;;[m[K]
    5 |     char *device = [01;35m[K"/dev/ttyACM0"[m[K;
      |                    [01;35m[K^~~~~~~~~~~~~~[m[K
In file included from [01m[K/home/orangepi/GM/RESOURCES/ros2_ws/src/contact/src/ContactNode.cpp:4[m[K:
[01m[K/home/orangepi/GM/RESOURCES/ros2_ws/src/contact/include/CommPort.h:40:5:[m[K [01;35m[Kwarning: [m[Kâ€˜[01m[Ktypedef[m[Kâ€™ was ignored in this declaration
   40 |     [01;35m[Ktypedef[m[K struct ProjectileRx
      |     [01;35m[K^~~~~~~[m[K
[01m[K/home/orangepi/GM/RESOURCES/ros2_ws/src/contact/include/CommPort.h:[m[K In member function â€˜[01m[Kfloat* CommPort::getQuaternion()[m[Kâ€™:
[01m[K/home/orangepi/GM/RESOURCES/ros2_ws/src/contact/include/CommPort.h:105:27:[m[K [01;35m[Kwarning: [m[Ktaking address of packed member of â€˜[01m[KCommPort::ProjectileRx[m[Kâ€™ may result in an unaligned pointer value [[01;35m[K]8;;https://gcc.gnu.org/onlinedocs/gcc/Warning-Options.html#index-Waddress-of-packed-member-Waddress-of-packed-member]8;;[m[K]
  105 |         return [01;35m[Krx_struct_.q[m[K;
      |                [01;35m[K~~~~~~~~~~~^[m[K
[01m[K/home/orangepi/GM/RESOURCES/ros2_ws/src/contact/src/ContactNode.cpp:[m[K At global scope:
[01m[K/home/orangepi/GM/RESOURCES/ros2_ws/src/contact/src/ContactNode.cpp:74:26:[m[K [01;31m[Kerror: [m[Kâ€˜[01m[Kgary_msgs[m[Kâ€™ was not declared in this scope; did you mean â€˜[01m[Khero_msgs[m[Kâ€™?
   74 |     rclcpp::Subscription<[01;31m[Kgary_msgs[m[K::msg::AutoAIM>::SharedPtr _gamestatus_sub_;
      |                          [01;31m[K^~~~~~~~~[m[K
      |                          [32m[Khero_msgs[m[K
[01m[K/home/orangepi/GM/RESOURCES/ros2_ws/src/contact/src/ContactNode.cpp:74:49:[m[K [01;31m[Kerror: [m[Ktemplate argument 1 is invalid
   74 |     rclcpp::Subscription<gary_msgs::msg::AutoAIM[01;31m[K>[m[K::SharedPtr _gamestatus_sub_;
      |                                                 [01;31m[K^[m[K
[01m[K/home/orangepi/GM/RESOURCES/ros2_ws/src/contact/src/ContactNode.cpp:74:49:[m[K [01;31m[Kerror: [m[Ktemplate argument 3 is invalid
[01m[K/home/orangepi/GM/RESOURCES/ros2_ws/src/contact/src/ContactNode.cpp:74:49:[m[K [01;31m[Kerror: [m[Ktemplate argument 4 is invalid
[01m[K/home/orangepi/GM/RESOURCES/ros2_ws/src/contact/src/ContactNode.cpp:74:49:[m[K [01;31m[Kerror: [m[Ktemplate argument 5 is invalid
[01m[K/home/orangepi/GM/RESOURCES/ros2_ws/src/contact/src/ContactNode.cpp:74:52:[m[K [01;31m[Kerror: [m[Kexpected â€˜[01m[K;[m[Kâ€™ at end of member declaration
   74 |     rclcpp::Subscription<gary_msgs::msg::AutoAIM>::[01;31m[KSharedPtr[m[K _gamestatus_sub_;
      |                                                    [01;31m[K^~~~~~~~~[m[K
      |                                                             [32m[K;[m[K
[01m[K/home/orangepi/GM/RESOURCES/ros2_ws/src/contact/src/ContactNode.cpp:74:62:[m[K [01;31m[Kerror: [m[Kâ€˜[01m[K_gamestatus_sub_[m[Kâ€™ does not name a type
   74 |     rclcpp::Subscription<gary_msgs::msg::AutoAIM>::SharedPtr [01;31m[K_gamestatus_sub_[m[K;
      |                                                              [01;31m[K^~~~~~~~~~~~~~~~[m[K
[01m[K/home/orangepi/GM/RESOURCES/ros2_ws/src/contact/src/ContactNode.cpp:[m[K In constructor â€˜[01m[KContactNode::ContactNode()[m[Kâ€™:
[01m[K/home/orangepi/GM/RESOURCES/ros2_ws/src/contact/src/ContactNode.cpp:18:9:[m[K [01;31m[Kerror: [m[Kâ€˜[01m[K_gamestatus_sub_[m[Kâ€™ was not declared in this scope
   18 |         [01;31m[K_gamestatus_sub_[m[K = this->create_subscription<hero_msgs::msg::AutoAIM>("/autoaim/target", 1000, std::bind(&ContactNode::autoaim_callback, this, std::placeholders::_1));
      |         [01;31m[K^~~~~~~~~~~~~~~~[m[K
gmake[2]: *** [CMakeFiles/contact.dir/build.make:76: CMakeFiles/contact.dir/src/ContactNode.cpp.o] Error 1
gmake[1]: *** [CMakeFiles/Makefile2:154: CMakeFiles/contact.dir/all] Error 2
gmake: *** [Makefile:146: all] Error 2
